{"C:\\Users\\Diego\\Workspace\\FSO_2021\\part_4\\bloglist\\app.js": {"path":"C:\\Users\\Diego\\Workspace\\FSO_2021\\part_4\\bloglist\\app.js","statementMap":{"0":{"start":{"line":1,"column":15},"end":{"line":1,"column":40}},"1":{"start":{"line":2,"column":16},"end":{"line":2,"column":34}},"2":{"start":{"line":3,"column":12},"end":{"line":3,"column":21}},"3":{"start":{"line":4,"column":13},"end":{"line":4,"column":28}},"4":{"start":{"line":5,"column":20},"end":{"line":5,"column":50}},"5":{"start":{"line":6,"column":19},"end":{"line":6,"column":48}},"6":{"start":{"line":7,"column":15},"end":{"line":7,"column":40}},"7":{"start":{"line":8,"column":17},"end":{"line":8,"column":36}},"8":{"start":{"line":10,"column":0},"end":{"line":10,"column":50}},"9":{"start":{"line":12,"column":0},"end":{"line":18,"column":6}},"10":{"start":{"line":14,"column":8},"end":{"line":14,"column":43}},"11":{"start":{"line":17,"column":8},"end":{"line":17,"column":68}},"12":{"start":{"line":20,"column":0},"end":{"line":20,"column":23}},"13":{"start":{"line":21,"column":0},"end":{"line":21,"column":15}},"14":{"start":{"line":22,"column":0},"end":{"line":22,"column":33}},"15":{"start":{"line":23,"column":0},"end":{"line":23,"column":37}},"16":{"start":{"line":25,"column":0},"end":{"line":25,"column":35}},"17":{"start":{"line":26,"column":0},"end":{"line":26,"column":32}},"18":{"start":{"line":28,"column":0},"end":{"line":28,"column":20}}},"fnMap":{"0":{"name":"(anonymous_0)","decl":{"start":{"line":13,"column":10},"end":{"line":13,"column":11}},"loc":{"start":{"line":13,"column":16},"end":{"line":15,"column":5}},"line":13},"1":{"name":"(anonymous_1)","decl":{"start":{"line":16,"column":11},"end":{"line":16,"column":12}},"loc":{"start":{"line":16,"column":22},"end":{"line":18,"column":5}},"line":16}},"branchMap":{},"s":{"0":1,"1":1,"2":1,"3":1,"4":1,"5":1,"6":1,"7":1,"8":1,"9":1,"10":1,"11":0,"12":1,"13":1,"14":1,"15":1,"16":1,"17":1,"18":1},"f":{"0":1,"1":0},"b":{},"_coverageSchema":"1a1c01bbd47fc00a2c39e90264f33305004495a9","hash":"9778360f51bc0a748ed1fafa1e681734e7523f00"}
,"C:\\Users\\Diego\\Workspace\\FSO_2021\\part_4\\bloglist\\controllers\\blogs.js": {"path":"C:\\Users\\Diego\\Workspace\\FSO_2021\\part_4\\bloglist\\controllers\\blogs.js","statementMap":{"0":{"start":{"line":1,"column":20},"end":{"line":1,"column":47}},"1":{"start":{"line":2,"column":13},"end":{"line":2,"column":38}},"2":{"start":{"line":4,"column":0},"end":{"line":7,"column":2}},"3":{"start":{"line":5,"column":18},"end":{"line":5,"column":37}},"4":{"start":{"line":6,"column":4},"end":{"line":6,"column":24}},"5":{"start":{"line":9,"column":0},"end":{"line":24,"column":2}},"6":{"start":{"line":10,"column":27},"end":{"line":10,"column":34}},"7":{"start":{"line":11,"column":20},"end":{"line":16,"column":6}},"8":{"start":{"line":17,"column":4},"end":{"line":22,"column":5}},"9":{"start":{"line":18,"column":26},"end":{"line":18,"column":46}},"10":{"start":{"line":19,"column":8},"end":{"line":19,"column":44}},"11":{"start":{"line":21,"column":8},"end":{"line":21,"column":19}},"12":{"start":{"line":26,"column":0},"end":{"line":26,"column":28}}},"fnMap":{"0":{"name":"(anonymous_0)","decl":{"start":{"line":4,"column":21},"end":{"line":4,"column":22}},"loc":{"start":{"line":4,"column":56},"end":{"line":7,"column":1}},"line":4},"1":{"name":"(anonymous_1)","decl":{"start":{"line":9,"column":22},"end":{"line":9,"column":23}},"loc":{"start":{"line":9,"column":57},"end":{"line":24,"column":1}},"line":9}},"branchMap":{},"s":{"0":1,"1":1,"2":1,"3":3,"4":3,"5":1,"6":3,"7":3,"8":3,"9":3,"10":2,"11":1,"12":1},"f":{"0":3,"1":3},"b":{},"_coverageSchema":"1a1c01bbd47fc00a2c39e90264f33305004495a9","hash":"27e03c1aa4a294adb29532c245de15bcc77ff0a9"}
,"C:\\Users\\Diego\\Workspace\\FSO_2021\\part_4\\bloglist\\models\\blog.js": {"path":"C:\\Users\\Diego\\Workspace\\FSO_2021\\part_4\\bloglist\\models\\blog.js","statementMap":{"0":{"start":{"line":1,"column":17},"end":{"line":1,"column":36}},"1":{"start":{"line":3,"column":19},"end":{"line":19,"column":2}},"2":{"start":{"line":21,"column":0},"end":{"line":27,"column":2}},"3":{"start":{"line":23,"column":8},"end":{"line":23,"column":57}},"4":{"start":{"line":24,"column":8},"end":{"line":24,"column":33}},"5":{"start":{"line":25,"column":8},"end":{"line":25,"column":33}},"6":{"start":{"line":29,"column":0},"end":{"line":29,"column":51}}},"fnMap":{"0":{"name":"(anonymous_0)","decl":{"start":{"line":22,"column":15},"end":{"line":22,"column":16}},"loc":{"start":{"line":22,"column":45},"end":{"line":26,"column":5}},"line":22}},"branchMap":{},"s":{"0":1,"1":1,"2":1,"3":16,"4":16,"5":16,"6":1},"f":{"0":16},"b":{},"_coverageSchema":"1a1c01bbd47fc00a2c39e90264f33305004495a9","hash":"3a5392d31e235a6adb0ae29c7c60a820323f921c"}
,"C:\\Users\\Diego\\Workspace\\FSO_2021\\part_4\\bloglist\\utils\\blog_helpers.js": {"path":"C:\\Users\\Diego\\Workspace\\FSO_2021\\part_4\\bloglist\\utils\\blog_helpers.js","statementMap":{"0":{"start":{"line":1,"column":13},"end":{"line":1,"column":38}},"1":{"start":{"line":3,"column":21},"end":{"line":16,"column":1}},"2":{"start":{"line":18,"column":18},"end":{"line":21,"column":1}},"3":{"start":{"line":19,"column":18},"end":{"line":19,"column":37}},"4":{"start":{"line":20,"column":4},"end":{"line":20,"column":43}},"5":{"start":{"line":20,"column":29},"end":{"line":20,"column":42}},"6":{"start":{"line":23,"column":0},"end":{"line":26,"column":1}}},"fnMap":{"0":{"name":"(anonymous_0)","decl":{"start":{"line":18,"column":18},"end":{"line":18,"column":19}},"loc":{"start":{"line":18,"column":30},"end":{"line":21,"column":1}},"line":18},"1":{"name":"(anonymous_1)","decl":{"start":{"line":20,"column":21},"end":{"line":20,"column":22}},"loc":{"start":{"line":20,"column":29},"end":{"line":20,"column":42}},"line":20}},"branchMap":{},"s":{"0":1,"1":1,"2":1,"3":3,"4":3,"5":8,"6":1},"f":{"0":3,"1":8},"b":{},"_coverageSchema":"1a1c01bbd47fc00a2c39e90264f33305004495a9","hash":"2d7211ef1be307b95f93d79ba41aac0319f8d1ce"}
,"C:\\Users\\Diego\\Workspace\\FSO_2021\\part_4\\bloglist\\utils\\config.js": {"path":"C:\\Users\\Diego\\Workspace\\FSO_2021\\part_4\\bloglist\\utils\\config.js","statementMap":{"0":{"start":{"line":1,"column":0},"end":{"line":1,"column":26}},"1":{"start":{"line":3,"column":13},"end":{"line":3,"column":37}},"2":{"start":{"line":4,"column":20},"end":{"line":6,"column":29}},"3":{"start":{"line":8,"column":0},"end":{"line":10,"column":1}}},"fnMap":{},"branchMap":{"0":{"loc":{"start":{"line":3,"column":13},"end":{"line":3,"column":37}},"type":"binary-expr","locations":[{"start":{"line":3,"column":13},"end":{"line":3,"column":29}},{"start":{"line":3,"column":33},"end":{"line":3,"column":37}}],"line":3},"1":{"loc":{"start":{"line":4,"column":20},"end":{"line":6,"column":29}},"type":"cond-expr","locations":[{"start":{"line":5,"column":6},"end":{"line":5,"column":34}},{"start":{"line":6,"column":6},"end":{"line":6,"column":29}}],"line":4}},"s":{"0":1,"1":1,"2":1,"3":1},"f":{},"b":{"0":[1,0],"1":[1,0]},"_coverageSchema":"1a1c01bbd47fc00a2c39e90264f33305004495a9","hash":"9aeea4cac531eef51c28301e918325fcc61b30ba"}
,"C:\\Users\\Diego\\Workspace\\FSO_2021\\part_4\\bloglist\\utils\\for_testing.js": {"path":"C:\\Users\\Diego\\Workspace\\FSO_2021\\part_4\\bloglist\\utils\\for_testing.js","statementMap":{"0":{"start":{"line":1,"column":19},"end":{"line":6,"column":1}},"1":{"start":{"line":2,"column":4},"end":{"line":5,"column":17}},"2":{"start":{"line":8,"column":16},"end":{"line":12,"column":1}},"3":{"start":{"line":9,"column":4},"end":{"line":11,"column":62}},"4":{"start":{"line":11,"column":37},"end":{"line":11,"column":46}},"5":{"start":{"line":14,"column":0},"end":{"line":17,"column":1}}},"fnMap":{"0":{"name":"(anonymous_0)","decl":{"start":{"line":1,"column":19},"end":{"line":1,"column":20}},"loc":{"start":{"line":1,"column":31},"end":{"line":6,"column":1}},"line":1},"1":{"name":"(anonymous_1)","decl":{"start":{"line":8,"column":16},"end":{"line":8,"column":17}},"loc":{"start":{"line":8,"column":27},"end":{"line":12,"column":1}},"line":8},"2":{"name":"(anonymous_2)","decl":{"start":{"line":11,"column":23},"end":{"line":11,"column":24}},"loc":{"start":{"line":11,"column":37},"end":{"line":11,"column":46}},"line":11}},"branchMap":{"0":{"loc":{"start":{"line":9,"column":11},"end":{"line":11,"column":62}},"type":"cond-expr","locations":[{"start":{"line":10,"column":10},"end":{"line":10,"column":11}},{"start":{"line":11,"column":10},"end":{"line":11,"column":62}}],"line":9}},"s":{"0":2,"1":3,"2":2,"3":3,"4":5,"5":2},"f":{"0":3,"1":3,"2":5},"b":{"0":[1,2]},"_coverageSchema":"1a1c01bbd47fc00a2c39e90264f33305004495a9","hash":"1ad5011c4c11d5ff6ef0eb595a946989658eb6c0"}
,"C:\\Users\\Diego\\Workspace\\FSO_2021\\part_4\\bloglist\\utils\\list_helper.js": {"path":"C:\\Users\\Diego\\Workspace\\FSO_2021\\part_4\\bloglist\\utils\\list_helper.js","statementMap":{"0":{"start":{"line":1,"column":14},"end":{"line":3,"column":1}},"1":{"start":{"line":2,"column":4},"end":{"line":2,"column":12}},"2":{"start":{"line":5,"column":19},"end":{"line":10,"column":1}},"3":{"start":{"line":6,"column":23},"end":{"line":6,"column":52}},"4":{"start":{"line":6,"column":41},"end":{"line":6,"column":51}},"5":{"start":{"line":7,"column":4},"end":{"line":9,"column":54}},"6":{"start":{"line":9,"column":43},"end":{"line":9,"column":53}},"7":{"start":{"line":12,"column":21},"end":{"line":19,"column":1}},"8":{"start":{"line":13,"column":22},"end":{"line":13,"column":64}},"9":{"start":{"line":13,"column":52},"end":{"line":13,"column":62}},"10":{"start":{"line":14,"column":26},"end":{"line":14,"column":70}},"11":{"start":{"line":14,"column":45},"end":{"line":14,"column":69}},"12":{"start":{"line":15,"column":4},"end":{"line":15,"column":28}},"13":{"start":{"line":16,"column":4},"end":{"line":16,"column":28}},"14":{"start":{"line":17,"column":4},"end":{"line":17,"column":28}},"15":{"start":{"line":18,"column":4},"end":{"line":18,"column":24}},"16":{"start":{"line":21,"column":18},"end":{"line":35,"column":1}},"17":{"start":{"line":22,"column":24},"end":{"line":30,"column":17}},"18":{"start":{"line":23,"column":27},"end":{"line":23,"column":31}},"19":{"start":{"line":24,"column":8},"end":{"line":28,"column":9}},"20":{"start":{"line":25,"column":12},"end":{"line":25,"column":81}},"21":{"start":{"line":27,"column":12},"end":{"line":27,"column":57}},"22":{"start":{"line":29,"column":8},"end":{"line":29,"column":18}},"23":{"start":{"line":32,"column":30},"end":{"line":33,"column":73}},"24":{"start":{"line":33,"column":33},"end":{"line":33,"column":72}},"25":{"start":{"line":34,"column":4},"end":{"line":34,"column":30}},"26":{"start":{"line":37,"column":18},"end":{"line":51,"column":1}},"27":{"start":{"line":38,"column":24},"end":{"line":46,"column":17}},"28":{"start":{"line":39,"column":34},"end":{"line":39,"column":38}},"29":{"start":{"line":40,"column":8},"end":{"line":44,"column":9}},"30":{"start":{"line":41,"column":12},"end":{"line":41,"column":85}},"31":{"start":{"line":43,"column":12},"end":{"line":43,"column":61}},"32":{"start":{"line":45,"column":8},"end":{"line":45,"column":18}},"33":{"start":{"line":48,"column":30},"end":{"line":49,"column":73}},"34":{"start":{"line":49,"column":33},"end":{"line":49,"column":72}},"35":{"start":{"line":50,"column":4},"end":{"line":50,"column":30}},"36":{"start":{"line":53,"column":0},"end":{"line":59,"column":1}}},"fnMap":{"0":{"name":"(anonymous_0)","decl":{"start":{"line":1,"column":14},"end":{"line":1,"column":15}},"loc":{"start":{"line":1,"column":28},"end":{"line":3,"column":1}},"line":1},"1":{"name":"(anonymous_1)","decl":{"start":{"line":5,"column":19},"end":{"line":5,"column":20}},"loc":{"start":{"line":5,"column":30},"end":{"line":10,"column":1}},"line":5},"2":{"name":"(anonymous_2)","decl":{"start":{"line":6,"column":33},"end":{"line":6,"column":34}},"loc":{"start":{"line":6,"column":41},"end":{"line":6,"column":51}},"line":6},"3":{"name":"(anonymous_3)","decl":{"start":{"line":9,"column":28},"end":{"line":9,"column":29}},"loc":{"start":{"line":9,"column":43},"end":{"line":9,"column":53}},"line":9},"4":{"name":"(anonymous_4)","decl":{"start":{"line":12,"column":21},"end":{"line":12,"column":22}},"loc":{"start":{"line":12,"column":32},"end":{"line":19,"column":1}},"line":12},"5":{"name":"(anonymous_5)","decl":{"start":{"line":13,"column":44},"end":{"line":13,"column":45}},"loc":{"start":{"line":13,"column":52},"end":{"line":13,"column":62}},"line":13},"6":{"name":"(anonymous_6)","decl":{"start":{"line":14,"column":37},"end":{"line":14,"column":38}},"loc":{"start":{"line":14,"column":45},"end":{"line":14,"column":69}},"line":14},"7":{"name":"(anonymous_7)","decl":{"start":{"line":21,"column":18},"end":{"line":21,"column":19}},"loc":{"start":{"line":21,"column":29},"end":{"line":35,"column":1}},"line":21},"8":{"name":"(anonymous_8)","decl":{"start":{"line":22,"column":37},"end":{"line":22,"column":38}},"loc":{"start":{"line":22,"column":52},"end":{"line":30,"column":5}},"line":22},"9":{"name":"(anonymous_9)","decl":{"start":{"line":33,"column":16},"end":{"line":33,"column":17}},"loc":{"start":{"line":33,"column":33},"end":{"line":33,"column":72}},"line":33},"10":{"name":"(anonymous_10)","decl":{"start":{"line":37,"column":18},"end":{"line":37,"column":19}},"loc":{"start":{"line":37,"column":29},"end":{"line":51,"column":1}},"line":37},"11":{"name":"(anonymous_11)","decl":{"start":{"line":38,"column":37},"end":{"line":38,"column":38}},"loc":{"start":{"line":38,"column":52},"end":{"line":46,"column":5}},"line":38},"12":{"name":"(anonymous_12)","decl":{"start":{"line":49,"column":16},"end":{"line":49,"column":17}},"loc":{"start":{"line":49,"column":33},"end":{"line":49,"column":72}},"line":49}},"branchMap":{"0":{"loc":{"start":{"line":7,"column":11},"end":{"line":9,"column":54}},"type":"cond-expr","locations":[{"start":{"line":8,"column":10},"end":{"line":8,"column":11}},{"start":{"line":9,"column":10},"end":{"line":9,"column":54}}],"line":7},"1":{"loc":{"start":{"line":24,"column":8},"end":{"line":28,"column":9}},"type":"if","locations":[{"start":{"line":24,"column":8},"end":{"line":28,"column":9}},{"start":{"line":26,"column":15},"end":{"line":28,"column":9}}],"line":24},"2":{"loc":{"start":{"line":33,"column":33},"end":{"line":33,"column":72}},"type":"cond-expr","locations":[{"start":{"line":33,"column":60},"end":{"line":33,"column":63}},{"start":{"line":33,"column":66},"end":{"line":33,"column":72}}],"line":33},"3":{"loc":{"start":{"line":40,"column":8},"end":{"line":44,"column":9}},"type":"if","locations":[{"start":{"line":40,"column":8},"end":{"line":44,"column":9}},{"start":{"line":42,"column":15},"end":{"line":44,"column":9}}],"line":40},"4":{"loc":{"start":{"line":49,"column":33},"end":{"line":49,"column":72}},"type":"cond-expr","locations":[{"start":{"line":49,"column":60},"end":{"line":49,"column":63}},{"start":{"line":49,"column":66},"end":{"line":49,"column":72}}],"line":49}},"s":{"0":1,"1":1,"2":1,"3":3,"4":7,"5":3,"6":5,"7":1,"8":1,"9":6,"10":1,"11":3,"12":1,"13":1,"14":1,"15":1,"16":1,"17":1,"18":6,"19":6,"20":3,"21":3,"22":6,"23":1,"24":2,"25":1,"26":1,"27":1,"28":6,"29":6,"30":3,"31":3,"32":6,"33":1,"34":2,"35":1,"36":1},"f":{"0":1,"1":3,"2":7,"3":5,"4":1,"5":6,"6":3,"7":1,"8":6,"9":2,"10":1,"11":6,"12":2},"b":{"0":[1,2],"1":[3,3],"2":[0,2],"3":[3,3],"4":[1,1]},"_coverageSchema":"1a1c01bbd47fc00a2c39e90264f33305004495a9","hash":"7ff53f689616bd401f5627c2fe05d212ad462228"}
,"C:\\Users\\Diego\\Workspace\\FSO_2021\\part_4\\bloglist\\utils\\logger.js": {"path":"C:\\Users\\Diego\\Workspace\\FSO_2021\\part_4\\bloglist\\utils\\logger.js","statementMap":{"0":{"start":{"line":1,"column":13},"end":{"line":5,"column":1}},"1":{"start":{"line":2,"column":4},"end":{"line":4,"column":5}},"2":{"start":{"line":3,"column":8},"end":{"line":3,"column":30}},"3":{"start":{"line":7,"column":14},"end":{"line":11,"column":1}},"4":{"start":{"line":8,"column":4},"end":{"line":10,"column":5}},"5":{"start":{"line":9,"column":8},"end":{"line":9,"column":30}},"6":{"start":{"line":13,"column":0},"end":{"line":15,"column":1}}},"fnMap":{"0":{"name":"(anonymous_0)","decl":{"start":{"line":1,"column":13},"end":{"line":1,"column":14}},"loc":{"start":{"line":1,"column":28},"end":{"line":5,"column":1}},"line":1},"1":{"name":"(anonymous_1)","decl":{"start":{"line":7,"column":14},"end":{"line":7,"column":15}},"loc":{"start":{"line":7,"column":29},"end":{"line":11,"column":1}},"line":7}},"branchMap":{"0":{"loc":{"start":{"line":2,"column":4},"end":{"line":4,"column":5}},"type":"if","locations":[{"start":{"line":2,"column":4},"end":{"line":4,"column":5}},{"start":{},"end":{}}],"line":2},"1":{"loc":{"start":{"line":8,"column":4},"end":{"line":10,"column":5}},"type":"if","locations":[{"start":{"line":8,"column":4},"end":{"line":10,"column":5}},{"start":{},"end":{}}],"line":8}},"s":{"0":1,"1":26,"2":0,"3":1,"4":1,"5":0,"6":1},"f":{"0":26,"1":1},"b":{"0":[0,26],"1":[0,1]},"_coverageSchema":"1a1c01bbd47fc00a2c39e90264f33305004495a9","hash":"6a29287141b53033e50c42be2dc760b1bf21c487"}
,"C:\\Users\\Diego\\Workspace\\FSO_2021\\part_4\\bloglist\\utils\\middleware.js": {"path":"C:\\Users\\Diego\\Workspace\\FSO_2021\\part_4\\bloglist\\utils\\middleware.js","statementMap":{"0":{"start":{"line":1,"column":15},"end":{"line":1,"column":34}},"1":{"start":{"line":3,"column":22},"end":{"line":9,"column":1}},"2":{"start":{"line":4,"column":4},"end":{"line":4,"column":42}},"3":{"start":{"line":5,"column":4},"end":{"line":5,"column":40}},"4":{"start":{"line":6,"column":4},"end":{"line":6,"column":40}},"5":{"start":{"line":7,"column":4},"end":{"line":7,"column":22}},"6":{"start":{"line":8,"column":4},"end":{"line":8,"column":10}},"7":{"start":{"line":11,"column":24},"end":{"line":13,"column":1}},"8":{"start":{"line":12,"column":4},"end":{"line":12,"column":60}},"9":{"start":{"line":15,"column":21},"end":{"line":25,"column":1}},"10":{"start":{"line":16,"column":4},"end":{"line":16,"column":31}},"11":{"start":{"line":18,"column":4},"end":{"line":22,"column":5}},"12":{"start":{"line":19,"column":8},"end":{"line":19,"column":70}},"13":{"start":{"line":20,"column":11},"end":{"line":22,"column":5}},"14":{"start":{"line":21,"column":8},"end":{"line":21,"column":66}},"15":{"start":{"line":24,"column":4},"end":{"line":24,"column":15}},"16":{"start":{"line":27,"column":0},"end":{"line":31,"column":1}}},"fnMap":{"0":{"name":"(anonymous_0)","decl":{"start":{"line":3,"column":22},"end":{"line":3,"column":23}},"loc":{"start":{"line":3,"column":51},"end":{"line":9,"column":1}},"line":3},"1":{"name":"(anonymous_1)","decl":{"start":{"line":11,"column":24},"end":{"line":11,"column":25}},"loc":{"start":{"line":11,"column":47},"end":{"line":13,"column":1}},"line":11},"2":{"name":"(anonymous_2)","decl":{"start":{"line":15,"column":21},"end":{"line":15,"column":22}},"loc":{"start":{"line":15,"column":57},"end":{"line":25,"column":1}},"line":15}},"branchMap":{"0":{"loc":{"start":{"line":18,"column":4},"end":{"line":22,"column":5}},"type":"if","locations":[{"start":{"line":18,"column":4},"end":{"line":22,"column":5}},{"start":{"line":20,"column":11},"end":{"line":22,"column":5}}],"line":18},"1":{"loc":{"start":{"line":18,"column":8},"end":{"line":18,"column":63}},"type":"binary-expr","locations":[{"start":{"line":18,"column":8},"end":{"line":18,"column":34}},{"start":{"line":18,"column":38},"end":{"line":18,"column":63}}],"line":18},"2":{"loc":{"start":{"line":20,"column":11},"end":{"line":22,"column":5}},"type":"if","locations":[{"start":{"line":20,"column":11},"end":{"line":22,"column":5}},{"start":{},"end":{}}],"line":20}},"s":{"0":1,"1":1,"2":6,"3":6,"4":6,"5":6,"6":6,"7":1,"8":0,"9":1,"10":1,"11":1,"12":0,"13":1,"14":1,"15":0,"16":1},"f":{"0":6,"1":0,"2":1},"b":{"0":[0,1],"1":[1,0],"2":[1,0]},"_coverageSchema":"1a1c01bbd47fc00a2c39e90264f33305004495a9","hash":"30e36f696b299c3075c3fba819c5a5a3918b1e9e"}
}
