TN:
SF:app.js
FN:13,(anonymous_0)
FN:16,(anonymous_1)
FNF:2
FNH:1
FNDA:1,(anonymous_0)
FNDA:0,(anonymous_1)
DA:1,1
DA:2,1
DA:3,1
DA:4,1
DA:5,1
DA:6,1
DA:7,1
DA:8,1
DA:10,1
DA:12,1
DA:14,1
DA:17,0
DA:20,1
DA:21,1
DA:22,1
DA:23,1
DA:25,1
DA:26,1
DA:28,1
LF:19
LH:18
BRF:0
BRH:0
end_of_record
TN:
SF:controllers\blogs.js
FN:4,(anonymous_0)
FN:9,(anonymous_1)
FNF:2
FNH:2
FNDA:3,(anonymous_0)
FNDA:3,(anonymous_1)
DA:1,1
DA:2,1
DA:4,1
DA:5,3
DA:6,3
DA:9,1
DA:10,3
DA:11,3
DA:17,3
DA:18,3
DA:19,2
DA:21,1
DA:26,1
LF:13
LH:13
BRF:0
BRH:0
end_of_record
TN:
SF:models\blog.js
FN:22,(anonymous_0)
FNF:1
FNH:1
FNDA:16,(anonymous_0)
DA:1,1
DA:3,1
DA:21,1
DA:23,16
DA:24,16
DA:25,16
DA:29,1
LF:7
LH:7
BRF:0
BRH:0
end_of_record
TN:
SF:utils\blog_helpers.js
FN:18,(anonymous_0)
FN:20,(anonymous_1)
FNF:2
FNH:2
FNDA:3,(anonymous_0)
FNDA:8,(anonymous_1)
DA:1,1
DA:3,1
DA:18,1
DA:19,3
DA:20,8
DA:23,1
LF:6
LH:6
BRF:0
BRH:0
end_of_record
TN:
SF:utils\config.js
FNF:0
FNH:0
DA:1,1
DA:3,1
DA:4,1
DA:8,1
LF:4
LH:4
BRDA:3,0,0,1
BRDA:3,0,1,0
BRDA:4,1,0,1
BRDA:4,1,1,0
BRF:4
BRH:2
end_of_record
TN:
SF:utils\for_testing.js
FN:1,(anonymous_0)
FN:8,(anonymous_1)
FN:11,(anonymous_2)
FNF:3
FNH:3
FNDA:3,(anonymous_0)
FNDA:3,(anonymous_1)
FNDA:5,(anonymous_2)
DA:1,2
DA:2,3
DA:8,2
DA:9,3
DA:11,5
DA:14,2
LF:6
LH:6
BRDA:9,0,0,1
BRDA:9,0,1,2
BRF:2
BRH:2
end_of_record
TN:
SF:utils\list_helper.js
FN:1,(anonymous_0)
FN:5,(anonymous_1)
FN:6,(anonymous_2)
FN:9,(anonymous_3)
FN:12,(anonymous_4)
FN:13,(anonymous_5)
FN:14,(anonymous_6)
FN:21,(anonymous_7)
FN:22,(anonymous_8)
FN:33,(anonymous_9)
FN:37,(anonymous_10)
FN:38,(anonymous_11)
FN:49,(anonymous_12)
FNF:13
FNH:13
FNDA:1,(anonymous_0)
FNDA:3,(anonymous_1)
FNDA:7,(anonymous_2)
FNDA:5,(anonymous_3)
FNDA:1,(anonymous_4)
FNDA:6,(anonymous_5)
FNDA:3,(anonymous_6)
FNDA:1,(anonymous_7)
FNDA:6,(anonymous_8)
FNDA:2,(anonymous_9)
FNDA:1,(anonymous_10)
FNDA:6,(anonymous_11)
FNDA:2,(anonymous_12)
DA:1,1
DA:2,1
DA:5,1
DA:6,7
DA:7,3
DA:9,5
DA:12,1
DA:13,6
DA:14,3
DA:15,1
DA:16,1
DA:17,1
DA:18,1
DA:21,1
DA:22,1
DA:23,6
DA:24,6
DA:25,3
DA:27,3
DA:29,6
DA:32,1
DA:33,2
DA:34,1
DA:37,1
DA:38,1
DA:39,6
DA:40,6
DA:41,3
DA:43,3
DA:45,6
DA:48,1
DA:49,2
DA:50,1
DA:53,1
LF:34
LH:34
BRDA:7,0,0,1
BRDA:7,0,1,2
BRDA:24,1,0,3
BRDA:24,1,1,3
BRDA:33,2,0,0
BRDA:33,2,1,2
BRDA:40,3,0,3
BRDA:40,3,1,3
BRDA:49,4,0,1
BRDA:49,4,1,1
BRF:10
BRH:9
end_of_record
TN:
SF:utils\logger.js
FN:1,(anonymous_0)
FN:7,(anonymous_1)
FNF:2
FNH:2
FNDA:26,(anonymous_0)
FNDA:1,(anonymous_1)
DA:1,1
DA:2,26
DA:3,0
DA:7,1
DA:8,1
DA:9,0
DA:13,1
LF:7
LH:5
BRDA:2,0,0,0
BRDA:2,0,1,26
BRDA:8,1,0,0
BRDA:8,1,1,1
BRF:4
BRH:2
end_of_record
TN:
SF:utils\middleware.js
FN:3,(anonymous_0)
FN:11,(anonymous_1)
FN:15,(anonymous_2)
FNF:3
FNH:2
FNDA:6,(anonymous_0)
FNDA:0,(anonymous_1)
FNDA:1,(anonymous_2)
DA:1,1
DA:3,1
DA:4,6
DA:5,6
DA:6,6
DA:7,6
DA:8,6
DA:11,1
DA:12,0
DA:15,1
DA:16,1
DA:18,1
DA:19,0
DA:20,1
DA:21,1
DA:24,0
DA:27,1
LF:17
LH:14
BRDA:18,0,0,0
BRDA:18,0,1,1
BRDA:18,1,0,1
BRDA:18,1,1,0
BRDA:20,2,0,1
BRDA:20,2,1,0
BRF:6
BRH:3
end_of_record
